<?xml version="1.0" encoding="UTF-8"?>
<testng-results ignored="0" total="1" passed="1" failed="0" skipped="0">
  <reporter-output>
  </reporter-output>
  <suite started-at="2025-05-02T15:31:29 IST" name="Default suite" finished-at="2025-05-02T15:31:30 IST" duration-ms="1240">
    <groups>
    </groups>
    <test started-at="2025-05-02T15:31:29 IST" name="Default test" finished-at="2025-05-02T15:31:30 IST" duration-ms="1240">
      <class name="com.api.tests.LoginTest">
        <test-method signature="loginTest()[pri:0, instance:com.api.tests.LoginTest@4fb61f4a]" started-at="2025-05-02T15:31:29 IST" name="loginTest" description="Login Test" finished-at="2025-05-02T15:31:30 IST" duration-ms="1204" status="PASS">
          <reporter-output>
          </reporter-output>
        </test-method> <!-- loginTest -->
      </class> <!-- com.api.tests.LoginTest -->
    </test> <!-- Default test -->
  </suite> <!-- Default suite -->
</testng-results>
