<?xml version="1.0" encoding="UTF-8"?>
<testng-results ignored="0" total="2" passed="2" failed="0" skipped="0">
  <reporter-output>
  </reporter-output>
  <suite started-at="2025-05-05T16:36:32 IST" name="Default suite" finished-at="2025-05-05T16:36:36 IST" duration-ms="4052">
    <groups>
    </groups>
    <test started-at="2025-05-05T16:36:32 IST" name="Default test" finished-at="2025-05-05T16:36:36 IST" duration-ms="4052">
      <class name="com.api.tests.categories">
        <test-method signature="getAllCategories()[pri:0, instance:com.api.tests.categories@f6efaab]" started-at="2025-05-05T16:36:32 IST" name="getAllCategories" description="get all categories" finished-at="2025-05-05T16:36:35 IST" duration-ms="2848" status="PASS">
          <reporter-output>
          </reporter-output>
        </test-method> <!-- getAllCategories -->
        <test-method signature="getProductBycategoriesId()[pri:0, instance:com.api.tests.categories@f6efaab]" started-at="2025-05-05T16:36:35 IST" name="getProductBycategoriesId" description="get all categories by id" finished-at="2025-05-05T16:36:36 IST" depends-on-methods="com.api.tests.categories.getAllCategories" duration-ms="1161" status="PASS">
          <reporter-output>
          </reporter-output>
        </test-method> <!-- getProductBycategoriesId -->
      </class> <!-- com.api.tests.categories -->
    </test> <!-- Default test -->
  </suite> <!-- Default suite -->
</testng-results>
